<?xml version="1.0" encoding="UTF-8"?>
<!-- Generated by org.testng.reporters.JUnitReportReporter -->
<testsuite hostname="evyatar" failures="0" tests="1" name="HowToSendPageTest" time="8.346" errors="0" timestamp="2022-01-12T23:49:10 IST" skipped="0">
  <testcase classname="HowToSendPageTest" name="sendSenderInfo" time="8.346"/>
  <system-out/>
</testsuite> <!-- HowToSendPageTest -->
