<?xml version="1.0" encoding="UTF-8"?>
<!-- Generated by org.testng.reporters.JUnitReportReporter -->
<testsuite hostname="evyatar" failures="0" tests="4" name="SearchResultPageTest" time="37.508" errors="0" timestamp="2022-01-11T18:54:17 IST" skipped="0">
  <testcase classname="SearchResultPageTest" name="TestCurrentUrl" time="5.436"/>
  <system-out/>
  <testcase classname="SearchResultPageTest" name="checkNoResultImg" time="8.403"/>
  <system-out/>
  <testcase classname="SearchResultPageTest" name="checkHeaderTitle" time="11.378"/>
  <system-out/>
  <testcase classname="SearchResultPageTest" name="pickGift" time="12.291"/>
  <system-out/>
</testsuite> <!-- SearchResultPageTest -->
