<?xml version="1.0" encoding="UTF-8"?>
<!-- Generated by org.testng.reporters.JUnitReportReporter -->
<testsuite hostname="evyatar" failures="0" tests="5" name="HomePageTest" time="25.947" errors="0" timestamp="2022-01-12T23:49:10 IST" skipped="0">
  <testcase classname="HomePageTest" name="getCurrentUrl" time="4.680"/>
  <system-out/>
  <testcase classname="HomePageTest" name="getHomePageTitle" time="4.868"/>
  <system-out/>
  <testcase classname="HomePageTest" name="getLogoDimension" time="4.374"/>
  <system-out/>
  <testcase classname="HomePageTest" name="searchGiftFromAutoCompleteTextBox" time="6.743"/>
  <system-out/>
  <testcase classname="HomePageTest" name="searchGiftFromNavNBar" time="5.282"/>
  <system-out/>
</testsuite> <!-- HomePageTest -->
