<?xml version="1.0" encoding="UTF-8"?>
<!-- Generated by org.testng.reporters.JUnitReportReporter -->
<testsuite hostname="evyatar" failures="0" tests="1" name="HowToSendPageTest" time="13.643" errors="0" timestamp="2022-01-11T18:54:17 IST" skipped="0">
  <testcase classname="HowToSendPageTest" name="sendSenderInfo" time="13.643"/>
  <system-out/>
</testsuite> <!-- HowToSendPageTest -->
