<?xml version="1.0" encoding="UTF-8"?>
<!-- Generated by org.testng.reporters.JUnitReportReporter -->
<testsuite hostname="evyatar" failures="0" tests="1" name="WhoToSendPageTest" time="7.536" errors="0" timestamp="2022-01-12T23:49:10 IST" skipped="0">
  <testcase classname="WhoToSendPageTest" name="sendInfo" time="7.536"/>
  <system-out/>
</testsuite> <!-- WhoToSendPageTest -->
