<?xml version="1.0" encoding="UTF-8"?>
<!-- Generated by org.testng.reporters.JUnitReportReporter -->
<testsuite hostname="evyatar" failures="0" tests="5" name="HomePageTest" time="35.738" errors="0" timestamp="2022-01-11T18:54:17 IST" skipped="0">
  <testcase classname="HomePageTest" name="getCurrentUrl" time="6.193"/>
  <system-out/>
  <testcase classname="HomePageTest" name="getHomePageTitle" time="14.602"/>
  <system-out/>
  <testcase classname="HomePageTest" name="getLogoDimension" time="4.532"/>
  <system-out/>
  <testcase classname="HomePageTest" name="searchGiftFromAutoCompleteTextBox" time="4.862"/>
  <system-out/>
  <testcase classname="HomePageTest" name="searchGiftFromNavNBar" time="5.549"/>
  <system-out/>
</testsuite> <!-- HomePageTest -->
