<?xml version="1.0" encoding="UTF-8"?>
<!-- Generated by org.testng.reporters.JUnitReportReporter -->
<testsuite hostname="evyatar" failures="0" tests="4" name="SearchResultPageTest" time="21.865" errors="0" timestamp="2022-01-12T23:49:10 IST" skipped="0">
  <testcase classname="SearchResultPageTest" name="TestCurrentUrl" time="5.435"/>
  <system-out/>
  <testcase classname="SearchResultPageTest" name="checkNoResultImg" time="5.303"/>
  <system-out/>
  <testcase classname="SearchResultPageTest" name="checkHeaderTitle" time="5.302"/>
  <system-out/>
  <testcase classname="SearchResultPageTest" name="pickGift" time="5.825"/>
  <system-out/>
</testsuite> <!-- SearchResultPageTest -->
